c:\programming\cpp\epicgameengine\epicgameengine\epicgameengine\debug\vc140.pdb
c:\programming\cpp\epicgameengine\epicgameengine\epicgameengine\debug\vc140.idb
c:\programming\cpp\epicgameengine\epicgameengine\epicgameengine\debug\icontent.nativecodeanalysis.xml
c:\programming\cpp\epicgameengine\epicgameengine\epicgameengine\debug\ebasicrenderer.nativecodeanalysis.xml
c:\programming\cpp\epicgameengine\epicgameengine\epicgameengine\debug\irenderer.nativecodeanalysis.xml
c:\programming\cpp\epicgameengine\epicgameengine\epicgameengine\debug\ishaderprogram.nativecodeanalysis.xml
c:\programming\cpp\epicgameengine\epicgameengine\epicgameengine\debug\etestshader.nativecodeanalysis.xml
c:\programming\cpp\epicgameengine\epicgameengine\epicgameengine\debug\basicreader.nativecodeanalysis.xml
c:\programming\cpp\epicgameengine\epicgameengine\epicgameengine\debug\dxapp.nativecodeanalysis.xml
c:\programming\cpp\epicgameengine\epicgameengine\epicgameengine\debug\testinstance.nativecodeanalysis.xml
c:\programming\cpp\epicgameengine\epicgameengine\epicgameengine\debug\main.nativecodeanalysis.xml
c:\programming\cpp\epicgameengine\epicgameengine\epicgameengine\debug\escreen.nativecodeanalysis.xml
c:\programming\cpp\epicgameengine\epicgameengine\epicgameengine\debug\escreen.obj
c:\programming\cpp\epicgameengine\epicgameengine\epicgameengine\debug\main.obj
c:\programming\cpp\epicgameengine\epicgameengine\epicgameengine\debug\testinstance.obj
c:\programming\cpp\epicgameengine\epicgameengine\epicgameengine\debug\dxapp.obj
c:\programming\cpp\epicgameengine\epicgameengine\epicgameengine\debug\basicreader.obj
c:\programming\cpp\epicgameengine\epicgameengine\epicgameengine\debug\etestshader.obj
c:\programming\cpp\epicgameengine\epicgameengine\epicgameengine\debug\ishaderprogram.obj
c:\programming\cpp\epicgameengine\epicgameengine\epicgameengine\debug\irenderer.obj
c:\programming\cpp\epicgameengine\epicgameengine\epicgameengine\debug\ebasicrenderer.obj
c:\programming\cpp\epicgameengine\epicgameengine\epicgameengine\debug\icontent.obj
c:\programming\cpp\epicgameengine\epicgameengine\debug\basicpixelshader.cso
c:\programming\cpp\epicgameengine\epicgameengine\debug\basicvertexshader.cso
c:\programming\cpp\epicgameengine\epicgameengine\debug\epicgameengine.ilk
c:\programming\cpp\epicgameengine\epicgameengine\debug\epicgameengine.exe
c:\programming\cpp\epicgameengine\epicgameengine\debug\epicgameengine.pdb
c:\programming\cpp\epicgameengine\epicgameengine\epicgameengine\debug\nativecodeanalysis.read.1.tlog
c:\programming\cpp\epicgameengine\epicgameengine\epicgameengine\debug\vc.nativecodeanalysis.all.xml
c:\programming\cpp\epicgameengine\epicgameengine\debug\epicgameengine.exe.lastcodeanalysissucceeded
c:\programming\cpp\epicgameengine\epicgameengine\epicgameengine\debug\epicgameengine.tlog\cl.command.1.tlog
c:\programming\cpp\epicgameengine\epicgameengine\epicgameengine\debug\epicgameengine.tlog\cl.read.1.tlog
c:\programming\cpp\epicgameengine\epicgameengine\epicgameengine\debug\epicgameengine.tlog\cl.write.1.tlog
c:\programming\cpp\epicgameengine\epicgameengine\epicgameengine\debug\epicgameengine.tlog\epicgameengine.write.1u.tlog
c:\programming\cpp\epicgameengine\epicgameengine\epicgameengine\debug\epicgameengine.tlog\fxc.command.1.tlog
c:\programming\cpp\epicgameengine\epicgameengine\epicgameengine\debug\epicgameengine.tlog\fxc.read.1.tlog
c:\programming\cpp\epicgameengine\epicgameengine\epicgameengine\debug\epicgameengine.tlog\fxc.write.1.tlog
c:\programming\cpp\epicgameengine\epicgameengine\epicgameengine\debug\epicgameengine.tlog\link.command.1.tlog
c:\programming\cpp\epicgameengine\epicgameengine\epicgameengine\debug\epicgameengine.tlog\link.read.1.tlog
c:\programming\cpp\epicgameengine\epicgameengine\epicgameengine\debug\epicgameengine.tlog\link.write.1.tlog
